<?xml version="1.0" encoding="UTF-8"?>
<coverage generated="1697736426854" clover="3.2.0">
  <project timestamp="1697736426854" name="All files">
    <metrics statements="71" coveredstatements="69" conditionals="22" coveredconditionals="18" methods="26" coveredmethods="26" elements="119" coveredelements="113" complexity="0" loc="71" ncloc="71" packages="3" files="9" classes="9"/>
    <package name="redux">
      <metrics statements="1" coveredstatements="1" conditionals="0" coveredconditionals="0" methods="0" coveredmethods="0"/>
      <file name="appStore.js" path="D:\namasteReact\Source\Proj1_FoodDelApp\redux\appStore.js">
        <metrics statements="1" coveredstatements="1" conditionals="0" coveredconditionals="0" methods="0" coveredmethods="0"/>
        <line num="6" count="2" type="stmt"/>
      </file>
    </package>
    <package name="src.components">
      <metrics statements="58" coveredstatements="56" conditionals="22" coveredconditionals="18" methods="23" coveredmethods="23"/>
      <file name="BodyComponent.js" path="D:\namasteReact\Source\Proj1_FoodDelApp\src\components\BodyComponent.js">
        <metrics statements="10" coveredstatements="9" conditionals="6" coveredconditionals="5" methods="4" coveredmethods="4"/>
        <line num="13" count="1" type="stmt"/>
        <line num="30" count="6" type="stmt"/>
        <line num="31" count="6" type="stmt"/>
        <line num="34" count="6" type="stmt"/>
        <line num="35" count="6" type="cond" truecount="1" falsecount="1"/>
        <line num="36" count="0" type="stmt"/>
        <line num="45" count="6" type="cond" truecount="2" falsecount="0"/>
        <line num="56" count="9" type="stmt"/>
        <line num="57" count="1" type="stmt"/>
        <line num="68" count="26" type="stmt"/>
      </file>
      <file name="CardComponent.js" path="D:\namasteReact\Source\Proj1_FoodDelApp\src\components\CardComponent.js">
        <metrics statements="4" coveredstatements="4" conditionals="0" coveredconditionals="0" methods="1" coveredmethods="1"/>
        <line num="4" count="3" type="stmt"/>
        <line num="5" count="28" type="stmt"/>
        <line num="6" count="28" type="stmt"/>
        <line num="9" count="28" type="stmt"/>
      </file>
      <file name="Cart.js" path="D:\namasteReact\Source\Proj1_FoodDelApp\src\components\Cart.js">
        <metrics statements="6" coveredstatements="6" conditionals="2" coveredconditionals="2" methods="3" coveredmethods="3"/>
        <line num="6" count="1" type="stmt"/>
        <line num="8" count="8" type="stmt"/>
        <line num="9" count="4" type="stmt"/>
        <line num="11" count="4" type="stmt"/>
        <line num="12" count="1" type="stmt"/>
        <line num="14" count="4" type="stmt"/>
      </file>
      <file name="HeadingComponent.js" path="D:\namasteReact\Source\Proj1_FoodDelApp\src\components\HeadingComponent.js">
        <metrics statements="7" coveredstatements="7" conditionals="6" coveredconditionals="4" methods="3" coveredmethods="3"/>
        <line num="9" count="2" type="stmt"/>
        <line num="11" count="21" type="stmt"/>
        <line num="15" count="11" type="stmt"/>
        <line num="17" count="11" type="stmt"/>
        <line num="18" count="11" type="stmt"/>
        <line num="19" count="11" type="stmt"/>
        <line num="47" count="1" type="cond" truecount="1" falsecount="1"/>
      </file>
      <file name="ItemList.js" path="D:\namasteReact\Source\Proj1_FoodDelApp\src\components\ItemList.js">
        <metrics statements="8" coveredstatements="8" conditionals="2" coveredconditionals="2" methods="4" coveredmethods="4"/>
        <line num="5" count="1" type="stmt"/>
        <line num="6" count="3" type="stmt"/>
        <line num="7" count="3" type="stmt"/>
        <line num="8" count="2" type="stmt"/>
        <line num="9" count="2" type="stmt"/>
        <line num="12" count="3" type="stmt"/>
        <line num="16" count="18" type="stmt"/>
        <line num="27" count="2" type="stmt"/>
      </file>
      <file name="RestaurantMenu.js" path="D:\namasteReact\Source\Proj1_FoodDelApp\src\components\RestaurantMenu.js">
        <metrics statements="14" coveredstatements="14" conditionals="4" coveredconditionals="4" methods="4" coveredmethods="4"/>
        <line num="9" count="1" type="stmt"/>
        <line num="10" count="3" type="stmt"/>
        <line num="11" count="3" type="stmt"/>
        <line num="14" count="3" type="stmt"/>
        <line num="16" count="3" type="cond" truecount="2" falsecount="0"/>
        <line num="17" count="1" type="stmt"/>
        <line num="19" count="2" type="stmt"/>
        <line num="20" count="2" type="stmt"/>
        <line num="21" count="2" type="stmt"/>
        <line num="22" count="2" type="stmt"/>
        <line num="24" count="44" type="stmt"/>
        <line num="29" count="2" type="stmt"/>
        <line num="42" count="38" type="stmt"/>
        <line num="45" count="1" type="stmt"/>
      </file>
      <file name="SearchComponent.js" path="D:\namasteReact\Source\Proj1_FoodDelApp\src\components\SearchComponent.js">
        <metrics statements="9" coveredstatements="8" conditionals="2" coveredconditionals="1" methods="4" coveredmethods="4"/>
        <line num="3" count="2" type="stmt"/>
        <line num="4" count="8" type="stmt"/>
        <line num="6" count="8" type="stmt"/>
        <line num="13" count="1" type="stmt"/>
        <line num="18" count="1" type="cond" truecount="1" falsecount="1"/>
        <line num="19" count="0" type="stmt"/>
        <line num="22" count="9" type="stmt"/>
        <line num="23" count="1" type="stmt"/>
        <line num="24" count="1" type="stmt"/>
      </file>
    </package>
    <package name="utils">
      <metrics statements="12" coveredstatements="12" conditionals="0" coveredconditionals="0" methods="3" coveredmethods="3"/>
      <file name="useBodyComponent.js" path="D:\namasteReact\Source\Proj1_FoodDelApp\utils\useBodyComponent.js">
        <metrics statements="12" coveredstatements="12" conditionals="0" coveredconditionals="0" methods="3" coveredmethods="3"/>
        <line num="5" count="1" type="stmt"/>
        <line num="7" count="6" type="stmt"/>
        <line num="8" count="6" type="stmt"/>
        <line num="10" count="6" type="stmt"/>
        <line num="11" count="2" type="stmt"/>
        <line num="12" count="2" type="stmt"/>
        <line num="13" count="2" type="stmt"/>
        <line num="14" count="2" type="stmt"/>
        <line num="15" count="2" type="stmt"/>
        <line num="18" count="6" type="stmt"/>
        <line num="19" count="2" type="stmt"/>
        <line num="22" count="6" type="stmt"/>
      </file>
    </package>
  </project>
</coverage>
