{"D:\\namasteReact\\Source\\Proj1_FoodDelApp\\redux\\appStore.js": {"path":"D:\\namasteReact\\Source\\Proj1_FoodDelApp\\redux\\appStore.js","statementMap":{"0":{"start":{"line":6,"column":17},"end":{"line":14,"column":1}}},"fnMap":{},"branchMap":{},"s":{"0":2},"f":{},"b":{},"_coverageSchema":"1a1c01bbd47fc00a2c39e90264f33305004495a9","hash":"ca6d6b3deeb048f2068741aad5fda61d5a3c9d3e"}
,"D:\\namasteReact\\Source\\Proj1_FoodDelApp\\src\\components\\BodyComponent.js": {"path":"D:\\namasteReact\\Source\\Proj1_FoodDelApp\\src\\components\\BodyComponent.js","statementMap":{"0":{"start":{"line":13,"column":22},"end":{"line":81,"column":1}},"1":{"start":{"line":30,"column":66},"end":{"line":30,"column":84}},"2":{"start":{"line":31,"column":21},"end":{"line":31,"column":57}},"3":{"start":{"line":34,"column":25},"end":{"line":34,"column":42}},"4":{"start":{"line":35,"column":4},"end":{"line":42,"column":5}},"5":{"start":{"line":36,"column":8},"end":{"line":41,"column":9}},"6":{"start":{"line":45,"column":4},"end":{"line":80,"column":5}},"7":{"start":{"line":56,"column":36},"end":{"line":56,"column":79}},"8":{"start":{"line":56,"column":58},"end":{"line":56,"column":78}},"9":{"start":{"line":57,"column":20},"end":{"line":57,"column":44}},"10":{"start":{"line":68,"column":24},"end":{"line":70,"column":31}}},"fnMap":{"0":{"name":"(anonymous_0)","decl":{"start":{"line":13,"column":22},"end":{"line":13,"column":23}},"loc":{"start":{"line":13,"column":26},"end":{"line":81,"column":1}},"line":13},"1":{"name":"(anonymous_1)","decl":{"start":{"line":55,"column":128},"end":{"line":55,"column":129}},"loc":{"start":{"line":55,"column":132},"end":{"line":58,"column":17}},"line":55},"2":{"name":"(anonymous_2)","decl":{"start":{"line":56,"column":51},"end":{"line":56,"column":52}},"loc":{"start":{"line":56,"column":58},"end":{"line":56,"column":78}},"line":56},"3":{"name":"(anonymous_3)","decl":{"start":{"line":67,"column":40},"end":{"line":67,"column":41}},"loc":{"start":{"line":68,"column":24},"end":{"line":70,"column":31}},"line":68}},"branchMap":{"0":{"loc":{"start":{"line":35,"column":4},"end":{"line":42,"column":5}},"type":"if","locations":[{"start":{"line":35,"column":4},"end":{"line":42,"column":5}},{"start":{},"end":{}}],"line":35},"1":{"loc":{"start":{"line":45,"column":11},"end":{"line":80,"column":5}},"type":"cond-expr","locations":[{"start":{"line":46,"column":12},"end":{"line":46,"column":23}},{"start":{"line":49,"column":12},"end":{"line":78,"column":15}}],"line":45},"2":{"loc":{"start":{"line":69,"column":33},"end":{"line":69,"column":148}},"type":"cond-expr","locations":[{"start":{"line":69,"column":74},"end":{"line":69,"column":106}},{"start":{"line":69,"column":111},"end":{"line":69,"column":147}}],"line":69}},"s":{"0":1,"1":6,"2":6,"3":6,"4":6,"5":0,"6":6,"7":1,"8":9,"9":1,"10":26},"f":{"0":6,"1":1,"2":9,"3":26},"b":{"0":[0,6],"1":[2,4],"2":[6,20]},"_coverageSchema":"1a1c01bbd47fc00a2c39e90264f33305004495a9","hash":"c9daf7e158b3358355d030330226c4df38c57df3"}
,"D:\\namasteReact\\Source\\Proj1_FoodDelApp\\src\\components\\CardComponent.js": {"path":"D:\\namasteReact\\Source\\Proj1_FoodDelApp\\src\\components\\CardComponent.js","statementMap":{"0":{"start":{"line":4,"column":22},"end":{"line":24,"column":1}},"1":{"start":{"line":5,"column":21},"end":{"line":5,"column":26}},"2":{"start":{"line":6,"column":81},"end":{"line":6,"column":93}},"3":{"start":{"line":9,"column":4},"end":{"line":23,"column":5}}},"fnMap":{"0":{"name":"(anonymous_0)","decl":{"start":{"line":4,"column":22},"end":{"line":4,"column":23}},"loc":{"start":{"line":4,"column":31},"end":{"line":24,"column":1}},"line":4}},"branchMap":{},"s":{"0":3,"1":28,"2":28,"3":28},"f":{"0":28},"b":{},"_coverageSchema":"1a1c01bbd47fc00a2c39e90264f33305004495a9","hash":"ce427a919a8654770ee480b825a082b9958301c4"}
,"D:\\namasteReact\\Source\\Proj1_FoodDelApp\\src\\components\\Cart.js": {"path":"D:\\namasteReact\\Source\\Proj1_FoodDelApp\\src\\components\\Cart.js","statementMap":{"0":{"start":{"line":6,"column":14},"end":{"line":26,"column":1}},"1":{"start":{"line":8,"column":22},"end":{"line":8,"column":60}},"2":{"start":{"line":8,"column":43},"end":{"line":8,"column":59}},"3":{"start":{"line":9,"column":32},"end":{"line":9,"column":45}},"4":{"start":{"line":11,"column":28},"end":{"line":13,"column":5}},"5":{"start":{"line":12,"column":8},"end":{"line":12,"column":41}},"6":{"start":{"line":14,"column":4},"end":{"line":24,"column":5}}},"fnMap":{"0":{"name":"(anonymous_0)","decl":{"start":{"line":6,"column":14},"end":{"line":6,"column":15}},"loc":{"start":{"line":6,"column":18},"end":{"line":26,"column":1}},"line":6},"1":{"name":"(anonymous_1)","decl":{"start":{"line":8,"column":34},"end":{"line":8,"column":35}},"loc":{"start":{"line":8,"column":43},"end":{"line":8,"column":59}},"line":8},"2":{"name":"(anonymous_2)","decl":{"start":{"line":11,"column":28},"end":{"line":11,"column":29}},"loc":{"start":{"line":11,"column":32},"end":{"line":13,"column":5}},"line":11}},"branchMap":{"0":{"loc":{"start":{"line":21,"column":17},"end":{"line":21,"column":97}},"type":"cond-expr","locations":[{"start":{"line":21,"column":41},"end":{"line":21,"column":64}},{"start":{"line":21,"column":67},"end":{"line":21,"column":96}}],"line":21}},"s":{"0":1,"1":4,"2":8,"3":4,"4":4,"5":1,"6":4},"f":{"0":4,"1":8,"2":1},"b":{"0":[2,2]},"_coverageSchema":"1a1c01bbd47fc00a2c39e90264f33305004495a9","hash":"29cc619a3a552170e208264c6d2f8a8211d6709c"}
,"D:\\namasteReact\\Source\\Proj1_FoodDelApp\\src\\components\\HeadingComponent.js": {"path":"D:\\namasteReact\\Source\\Proj1_FoodDelApp\\src\\components\\HeadingComponent.js","statementMap":{"0":{"start":{"line":9,"column":25},"end":{"line":55,"column":1}},"1":{"start":{"line":11,"column":22},"end":{"line":11,"column":60}},"2":{"start":{"line":11,"column":43},"end":{"line":11,"column":59}},"3":{"start":{"line":15,"column":25},"end":{"line":15,"column":48}},"4":{"start":{"line":17,"column":36},"end":{"line":17,"column":53}},"5":{"start":{"line":18,"column":25},"end":{"line":18,"column":42}},"6":{"start":{"line":19,"column":4},"end":{"line":53,"column":5}},"7":{"start":{"line":47,"column":20},"end":{"line":47,"column":78}}},"fnMap":{"0":{"name":"(anonymous_0)","decl":{"start":{"line":9,"column":25},"end":{"line":9,"column":26}},"loc":{"start":{"line":9,"column":29},"end":{"line":55,"column":1}},"line":9},"1":{"name":"(anonymous_1)","decl":{"start":{"line":11,"column":34},"end":{"line":11,"column":35}},"loc":{"start":{"line":11,"column":43},"end":{"line":11,"column":59}},"line":11},"2":{"name":"(anonymous_2)","decl":{"start":{"line":46,"column":116},"end":{"line":46,"column":117}},"loc":{"start":{"line":46,"column":120},"end":{"line":48,"column":21}},"line":46}},"branchMap":{"0":{"loc":{"start":{"line":26,"column":48},"end":{"line":26,"column":83}},"type":"cond-expr","locations":[{"start":{"line":26,"column":72},"end":{"line":26,"column":76}},{"start":{"line":26,"column":79},"end":{"line":26,"column":83}}],"line":26},"1":{"loc":{"start":{"line":44,"column":21},"end":{"line":44,"column":53}},"type":"cond-expr","locations":[{"start":{"line":44,"column":40},"end":{"line":44,"column":50}},{"start":{"line":44,"column":51},"end":{"line":44,"column":53}}],"line":44},"2":{"loc":{"start":{"line":47,"column":20},"end":{"line":47,"column":78}},"type":"cond-expr","locations":[{"start":{"line":47,"column":38},"end":{"line":47,"column":58}},{"start":{"line":47,"column":59},"end":{"line":47,"column":78}}],"line":47}},"s":{"0":2,"1":11,"2":21,"3":11,"4":11,"5":11,"6":11,"7":1},"f":{"0":11,"1":21,"2":1},"b":{"0":[11,0],"1":[1,10],"2":[1,0]},"_coverageSchema":"1a1c01bbd47fc00a2c39e90264f33305004495a9","hash":"d5884fe6d84ccd105b75e594eb04cd9ebee94ab3"}
,"D:\\namasteReact\\Source\\Proj1_FoodDelApp\\src\\components\\ItemList.js": {"path":"D:\\namasteReact\\Source\\Proj1_FoodDelApp\\src\\components\\ItemList.js","statementMap":{"0":{"start":{"line":5,"column":17},"end":{"line":38,"column":1}},"1":{"start":{"line":6,"column":30},"end":{"line":6,"column":43}},"2":{"start":{"line":7,"column":26},"end":{"line":10,"column":5}},"3":{"start":{"line":8,"column":8},"end":{"line":8,"column":40}},"4":{"start":{"line":9,"column":8},"end":{"line":9,"column":33}},"5":{"start":{"line":12,"column":4},"end":{"line":36,"column":5}},"6":{"start":{"line":16,"column":20},"end":{"line":31,"column":26}},"7":{"start":{"line":27,"column":125},"end":{"line":27,"column":144}}},"fnMap":{"0":{"name":"(anonymous_0)","decl":{"start":{"line":5,"column":17},"end":{"line":5,"column":18}},"loc":{"start":{"line":5,"column":28},"end":{"line":38,"column":1}},"line":5},"1":{"name":"(anonymous_1)","decl":{"start":{"line":7,"column":26},"end":{"line":7,"column":27}},"loc":{"start":{"line":7,"column":34},"end":{"line":10,"column":5}},"line":7},"2":{"name":"(anonymous_2)","decl":{"start":{"line":15,"column":26},"end":{"line":15,"column":27}},"loc":{"start":{"line":16,"column":20},"end":{"line":31,"column":26}},"line":16},"3":{"name":"(anonymous_3)","decl":{"start":{"line":27,"column":121},"end":{"line":27,"column":122}},"loc":{"start":{"line":27,"column":125},"end":{"line":27,"column":144}},"line":27}},"branchMap":{"0":{"loc":{"start":{"line":21,"column":83},"end":{"line":21,"column":142}},"type":"binary-expr","locations":[{"start":{"line":21,"column":83},"end":{"line":21,"column":107}},{"start":{"line":21,"column":111},"end":{"line":21,"column":142}}],"line":21}},"s":{"0":1,"1":3,"2":3,"3":2,"4":2,"5":3,"6":18,"7":2},"f":{"0":3,"1":2,"2":18,"3":2},"b":{"0":[18,18]},"_coverageSchema":"1a1c01bbd47fc00a2c39e90264f33305004495a9","hash":"50dece803c3963d78b22435e4314436fa8b543a1"}
,"D:\\namasteReact\\Source\\Proj1_FoodDelApp\\src\\components\\RestaurantMenu.js": {"path":"D:\\namasteReact\\Source\\Proj1_FoodDelApp\\src\\components\\RestaurantMenu.js","statementMap":{"0":{"start":{"line":9,"column":23},"end":{"line":60,"column":1}},"1":{"start":{"line":10,"column":39},"end":{"line":10,"column":53}},"2":{"start":{"line":11,"column":20},"end":{"line":11,"column":31}},"3":{"start":{"line":14,"column":20},"end":{"line":14,"column":44}},"4":{"start":{"line":16,"column":4},"end":{"line":18,"column":5}},"5":{"start":{"line":17,"column":8},"end":{"line":17,"column":26}},"6":{"start":{"line":19,"column":83},"end":{"line":19,"column":124}},"7":{"start":{"line":20,"column":40},"end":{"line":20,"column":85}},"8":{"start":{"line":21,"column":22},"end":{"line":21,"column":114}},"9":{"start":{"line":22,"column":22},"end":{"line":22,"column":114}},"10":{"start":{"line":24,"column":23},"end":{"line":24,"column":192}},"11":{"start":{"line":24,"column":102},"end":{"line":24,"column":191}},"12":{"start":{"line":29,"column":4},"end":{"line":58,"column":5}},"13":{"start":{"line":42,"column":16},"end":{"line":47,"column":18}},"14":{"start":{"line":45,"column":36},"end":{"line":45,"column":55}}},"fnMap":{"0":{"name":"(anonymous_0)","decl":{"start":{"line":9,"column":23},"end":{"line":9,"column":24}},"loc":{"start":{"line":9,"column":27},"end":{"line":60,"column":1}},"line":9},"1":{"name":"(anonymous_1)","decl":{"start":{"line":24,"column":97},"end":{"line":24,"column":98}},"loc":{"start":{"line":24,"column":102},"end":{"line":24,"column":191}},"line":24},"2":{"name":"(anonymous_2)","decl":{"start":{"line":40,"column":31},"end":{"line":40,"column":32}},"loc":{"start":{"line":42,"column":16},"end":{"line":47,"column":18}},"line":42},"3":{"name":"(anonymous_3)","decl":{"start":{"line":45,"column":32},"end":{"line":45,"column":33}},"loc":{"start":{"line":45,"column":36},"end":{"line":45,"column":55}},"line":45}},"branchMap":{"0":{"loc":{"start":{"line":16,"column":4},"end":{"line":18,"column":5}},"type":"if","locations":[{"start":{"line":16,"column":4},"end":{"line":18,"column":5}},{"start":{},"end":{}}],"line":16},"1":{"loc":{"start":{"line":44,"column":29},"end":{"line":44,"column":63}},"type":"cond-expr","locations":[{"start":{"line":44,"column":51},"end":{"line":44,"column":55}},{"start":{"line":44,"column":58},"end":{"line":44,"column":63}}],"line":44}},"s":{"0":1,"1":3,"2":3,"3":3,"4":3,"5":1,"6":2,"7":2,"8":2,"9":2,"10":2,"11":44,"12":2,"13":38,"14":1},"f":{"0":3,"1":44,"2":38,"3":1},"b":{"0":[1,2],"1":[1,37]},"_coverageSchema":"1a1c01bbd47fc00a2c39e90264f33305004495a9","hash":"0e5355551b6e22bb488cb36ca6136ea2e306862d"}
,"D:\\namasteReact\\Source\\Proj1_FoodDelApp\\src\\components\\SearchComponent.js": {"path":"D:\\namasteReact\\Source\\Proj1_FoodDelApp\\src\\components\\SearchComponent.js","statementMap":{"0":{"start":{"line":3,"column":24},"end":{"line":31,"column":1}},"1":{"start":{"line":4,"column":41},"end":{"line":4,"column":53}},"2":{"start":{"line":6,"column":8},"end":{"line":30,"column":5}},"3":{"start":{"line":13,"column":32},"end":{"line":13,"column":61}},"4":{"start":{"line":18,"column":20},"end":{"line":25,"column":22}},"5":{"start":{"line":19,"column":24},"end":{"line":19,"column":48}},"6":{"start":{"line":22,"column":43},"end":{"line":22,"column":129}},"7":{"start":{"line":22,"column":66},"end":{"line":22,"column":128}},"8":{"start":{"line":23,"column":24},"end":{"line":23,"column":47}},"9":{"start":{"line":24,"column":24},"end":{"line":24,"column":42}}},"fnMap":{"0":{"name":"(anonymous_0)","decl":{"start":{"line":3,"column":24},"end":{"line":3,"column":25}},"loc":{"start":{"line":3,"column":50},"end":{"line":31,"column":1}},"line":3},"1":{"name":"(anonymous_1)","decl":{"start":{"line":13,"column":26},"end":{"line":13,"column":27}},"loc":{"start":{"line":13,"column":31},"end":{"line":13,"column":62}},"line":13},"2":{"name":"(anonymous_2)","decl":{"start":{"line":17,"column":135},"end":{"line":17,"column":136}},"loc":{"start":{"line":17,"column":139},"end":{"line":27,"column":17}},"line":17},"3":{"name":"(anonymous_3)","decl":{"start":{"line":22,"column":59},"end":{"line":22,"column":60}},"loc":{"start":{"line":22,"column":66},"end":{"line":22,"column":128}},"line":22}},"branchMap":{"0":{"loc":{"start":{"line":18,"column":20},"end":{"line":25,"column":22}},"type":"if","locations":[{"start":{"line":18,"column":20},"end":{"line":25,"column":22}},{"start":{"line":21,"column":25},"end":{"line":25,"column":22}}],"line":18}},"s":{"0":2,"1":8,"2":8,"3":1,"4":1,"5":0,"6":1,"7":9,"8":1,"9":1},"f":{"0":8,"1":1,"2":1,"3":9},"b":{"0":[0,1]},"_coverageSchema":"1a1c01bbd47fc00a2c39e90264f33305004495a9","hash":"13a4a3a3c801c14bab3f9fd0eef94f21a6970984"}
,"D:\\namasteReact\\Source\\Proj1_FoodDelApp\\utils\\useBodyComponent.js": {"path":"D:\\namasteReact\\Source\\Proj1_FoodDelApp\\utils\\useBodyComponent.js","statementMap":{"0":{"start":{"line":5,"column":25},"end":{"line":23,"column":1}},"1":{"start":{"line":7,"column":36},"end":{"line":7,"column":50}},"2":{"start":{"line":8,"column":43},"end":{"line":8,"column":55}},"3":{"start":{"line":10,"column":22},"end":{"line":16,"column":5}},"4":{"start":{"line":11,"column":25},"end":{"line":11,"column":52}},"5":{"start":{"line":12,"column":21},"end":{"line":12,"column":42}},"6":{"start":{"line":13,"column":28},"end":{"line":13,"column":102}},"7":{"start":{"line":14,"column":8},"end":{"line":14,"column":31}},"8":{"start":{"line":15,"column":8},"end":{"line":15,"column":35}},"9":{"start":{"line":18,"column":4},"end":{"line":20,"column":10}},"10":{"start":{"line":19,"column":8},"end":{"line":19,"column":20}},"11":{"start":{"line":22,"column":4},"end":{"line":22,"column":62}}},"fnMap":{"0":{"name":"(anonymous_0)","decl":{"start":{"line":5,"column":25},"end":{"line":5,"column":26}},"loc":{"start":{"line":5,"column":29},"end":{"line":23,"column":1}},"line":5},"1":{"name":"(anonymous_1)","decl":{"start":{"line":10,"column":22},"end":{"line":10,"column":23}},"loc":{"start":{"line":10,"column":32},"end":{"line":16,"column":5}},"line":10},"2":{"name":"(anonymous_2)","decl":{"start":{"line":18,"column":14},"end":{"line":18,"column":15}},"loc":{"start":{"line":18,"column":18},"end":{"line":20,"column":5}},"line":18}},"branchMap":{},"s":{"0":1,"1":6,"2":6,"3":6,"4":2,"5":2,"6":2,"7":2,"8":2,"9":6,"10":2,"11":6},"f":{"0":6,"1":2,"2":2},"b":{},"_coverageSchema":"1a1c01bbd47fc00a2c39e90264f33305004495a9","hash":"1e051fe95e1447a0cbf6a6ea91f119427fef15cc"}
}
