TN:
SF:redux\appStore.js
FNF:0
FNH:0
DA:6,2
LF:1
LH:1
BRF:0
BRH:0
end_of_record
TN:
SF:src\components\BodyComponent.js
FN:13,(anonymous_0)
FN:55,(anonymous_1)
FN:56,(anonymous_2)
FN:67,(anonymous_3)
FNF:4
FNH:4
FNDA:6,(anonymous_0)
FNDA:1,(anonymous_1)
FNDA:9,(anonymous_2)
FNDA:26,(anonymous_3)
DA:13,1
DA:30,6
DA:31,6
DA:34,6
DA:35,6
DA:36,0
DA:45,6
DA:56,9
DA:57,1
DA:68,26
LF:10
LH:9
BRDA:35,0,0,0
BRDA:35,0,1,6
BRDA:45,1,0,2
BRDA:45,1,1,4
BRDA:69,2,0,6
BRDA:69,2,1,20
BRF:6
BRH:5
end_of_record
TN:
SF:src\components\CardComponent.js
FN:4,(anonymous_0)
FNF:1
FNH:1
FNDA:28,(anonymous_0)
DA:4,3
DA:5,28
DA:6,28
DA:9,28
LF:4
LH:4
BRF:0
BRH:0
end_of_record
TN:
SF:src\components\Cart.js
FN:6,(anonymous_0)
FN:8,(anonymous_1)
FN:11,(anonymous_2)
FNF:3
FNH:3
FNDA:4,(anonymous_0)
FNDA:8,(anonymous_1)
FNDA:1,(anonymous_2)
DA:6,1
DA:8,8
DA:9,4
DA:11,4
DA:12,1
DA:14,4
LF:6
LH:6
BRDA:21,0,0,2
BRDA:21,0,1,2
BRF:2
BRH:2
end_of_record
TN:
SF:src\components\HeadingComponent.js
FN:9,(anonymous_0)
FN:11,(anonymous_1)
FN:46,(anonymous_2)
FNF:3
FNH:3
FNDA:11,(anonymous_0)
FNDA:21,(anonymous_1)
FNDA:1,(anonymous_2)
DA:9,2
DA:11,21
DA:15,11
DA:17,11
DA:18,11
DA:19,11
DA:47,1
LF:7
LH:7
BRDA:26,0,0,11
BRDA:26,0,1,0
BRDA:44,1,0,1
BRDA:44,1,1,10
BRDA:47,2,0,1
BRDA:47,2,1,0
BRF:6
BRH:4
end_of_record
TN:
SF:src\components\ItemList.js
FN:5,(anonymous_0)
FN:7,(anonymous_1)
FN:15,(anonymous_2)
FN:27,(anonymous_3)
FNF:4
FNH:4
FNDA:3,(anonymous_0)
FNDA:2,(anonymous_1)
FNDA:18,(anonymous_2)
FNDA:2,(anonymous_3)
DA:5,1
DA:6,3
DA:7,3
DA:8,2
DA:9,2
DA:12,3
DA:16,18
DA:27,2
LF:8
LH:8
BRDA:21,0,0,18
BRDA:21,0,1,18
BRF:2
BRH:2
end_of_record
TN:
SF:src\components\RestaurantMenu.js
FN:9,(anonymous_0)
FN:24,(anonymous_1)
FN:40,(anonymous_2)
FN:45,(anonymous_3)
FNF:4
FNH:4
FNDA:3,(anonymous_0)
FNDA:44,(anonymous_1)
FNDA:38,(anonymous_2)
FNDA:1,(anonymous_3)
DA:9,1
DA:10,3
DA:11,3
DA:14,3
DA:16,3
DA:17,1
DA:19,2
DA:20,2
DA:21,2
DA:22,2
DA:24,44
DA:29,2
DA:42,38
DA:45,1
LF:14
LH:14
BRDA:16,0,0,1
BRDA:16,0,1,2
BRDA:44,1,0,1
BRDA:44,1,1,37
BRF:4
BRH:4
end_of_record
TN:
SF:src\components\SearchComponent.js
FN:3,(anonymous_0)
FN:13,(anonymous_1)
FN:17,(anonymous_2)
FN:22,(anonymous_3)
FNF:4
FNH:4
FNDA:8,(anonymous_0)
FNDA:1,(anonymous_1)
FNDA:1,(anonymous_2)
FNDA:9,(anonymous_3)
DA:3,2
DA:4,8
DA:6,8
DA:13,1
DA:18,1
DA:19,0
DA:22,9
DA:23,1
DA:24,1
LF:9
LH:8
BRDA:18,0,0,0
BRDA:18,0,1,1
BRF:2
BRH:1
end_of_record
TN:
SF:utils\useBodyComponent.js
FN:5,(anonymous_0)
FN:10,(anonymous_1)
FN:18,(anonymous_2)
FNF:3
FNH:3
FNDA:6,(anonymous_0)
FNDA:2,(anonymous_1)
FNDA:2,(anonymous_2)
DA:5,1
DA:7,6
DA:8,6
DA:10,6
DA:11,2
DA:12,2
DA:13,2
DA:14,2
DA:15,2
DA:18,6
DA:19,2
DA:22,6
LF:12
LH:12
BRF:0
BRH:0
end_of_record
